{
  "RSpec": {
    "coverage": {
      "/Users/nicobuch/Projects/whitespectre/exercise_191023_nicolas_buchhalter/config/environment.rb": [
        null,
        1,
        null,
        null,
        1
      ],
      "/Users/nicobuch/Projects/whitespectre/exercise_191023_nicolas_buchhalter/config/application.rb": [
        1,
        null,
        1,
        null,
        1,
        1,
        1,
        1,
        1,
        1,
        1,
        1,
        1,
        1,
        null,
        1,
        null,
        null,
        null,
        1,
        null,
        1,
        1,
        null,
        1,
        null,
        null,
        null,
        null,
        null,
        null,
        null,
        null,
        null,
        1,
        null,
        null
      ],
      "/Users/nicobuch/Projects/whitespectre/exercise_191023_nicolas_buchhalter/config/boot.rb": [
        1,
        null,
        1,
        1
      ],
      "/Users/nicobuch/Projects/whitespectre/exercise_191023_nicolas_buchhalter/config/environments/test.rb": [
        null,
        null,
        null,
        null,
        null,
        1,
        null,
        null,
        1,
        null,
        null,
        null,
        null,
        1,
        null,
        null,
        1,
        1,
        null,
        null,
        null,
        null,
        1,
        1,
        1,
        null,
        null,
        1,
        null,
        null,
        1,
        null,
        null,
        1,
        null,
        1,
        null,
        null,
        null,
        null,
        1,
        null,
        null,
        1,
        null,
        null,
        null,
        null
      ],
      "/Users/nicobuch/Projects/whitespectre/exercise_191023_nicolas_buchhalter/config/initializers/active_model_serializers.rb": [
        1
      ],
      "/Users/nicobuch/Projects/whitespectre/exercise_191023_nicolas_buchhalter/config/initializers/application_controller_renderer.rb": [
        null,
        null,
        null,
        null,
        null,
        null,
        null,
        null
      ],
      "/Users/nicobuch/Projects/whitespectre/exercise_191023_nicolas_buchhalter/config/initializers/backtrace_silencers.rb": [
        null,
        null,
        null,
        null,
        null,
        null,
        null
      ],
      "/Users/nicobuch/Projects/whitespectre/exercise_191023_nicolas_buchhalter/config/initializers/cors.rb": [
        null,
        null,
        null,
        null,
        null,
        null,
        null,
        null,
        null,
        null,
        null,
        null,
        null,
        null,
        null,
        null
      ],
      "/Users/nicobuch/Projects/whitespectre/exercise_191023_nicolas_buchhalter/config/initializers/filter_parameter_logging.rb": [
        null,
        null,
        null,
        1
      ],
      "/Users/nicobuch/Projects/whitespectre/exercise_191023_nicolas_buchhalter/config/initializers/inflections.rb": [
        null,
        null,
        null,
        null,
        null,
        null,
        null,
        null,
        null,
        null,
        null,
        null,
        null,
        null,
        null,
        null
      ],
      "/Users/nicobuch/Projects/whitespectre/exercise_191023_nicolas_buchhalter/config/initializers/kaminari_config.rb": [
        1,
        1,
        null,
        null,
        null,
        null,
        null,
        null,
        null,
        null,
        null
      ],
      "/Users/nicobuch/Projects/whitespectre/exercise_191023_nicolas_buchhalter/config/initializers/mime_types.rb": [
        null,
        null,
        null,
        null
      ],
      "/Users/nicobuch/Projects/whitespectre/exercise_191023_nicolas_buchhalter/config/initializers/wrap_parameters.rb": [
        null,
        null,
        null,
        null,
        null,
        null,
        1,
        2,
        null,
        null,
        null,
        null,
        null,
        null
      ],
      "/Users/nicobuch/Projects/whitespectre/exercise_191023_nicolas_buchhalter/spec/factories/group_events.rb": [
        1,
        1,
        1,
        58,
        58,
        62,
        62,
        62,
        59,
        62,
        null,
        null
      ],
      "/Users/nicobuch/Projects/whitespectre/exercise_191023_nicolas_buchhalter/spec/factories/users.rb": [
        1,
        1,
        60,
        60,
        null,
        null
      ],
      "/Users/nicobuch/Projects/whitespectre/exercise_191023_nicolas_buchhalter/config/routes.rb": [
        1,
        null,
        null,
        1,
        null,
        1,
        1,
        1,
        null,
        null,
        null
      ],
      "/Users/nicobuch/Projects/whitespectre/exercise_191023_nicolas_buchhalter/spec/support/parsed_response_helper.rb": [
        1,
        1,
        1,
        14,
        null,
        null,
        null
      ],
      "/Users/nicobuch/Projects/whitespectre/exercise_191023_nicolas_buchhalter/app/models/application_record.rb": [
        1,
        1,
        null
      ],
      "/Users/nicobuch/Projects/whitespectre/exercise_191023_nicolas_buchhalter/app/controllers/group_events_controller.rb": [
        1,
        null,
        1,
        5,
        null,
        null,
        1,
        8,
        8,
        6,
        6,
        null,
        null,
        1,
        3,
        null,
        null,
        1,
        9,
        8,
        6,
        6,
        null,
        null,
        1,
        3,
        2,
        null,
        null,
        1,
        6,
        6,
        3,
        null,
        null,
        1,
        null,
        1,
        68,
        null,
        null,
        1,
        44,
        null,
        null,
        1,
        10,
        5,
        5,
        null,
        null,
        1,
        8,
        4,
        null,
        4,
        null,
        null,
        null,
        null,
        1,
        12,
        8,
        null,
        null
      ],
      "/Users/nicobuch/Projects/whitespectre/exercise_191023_nicolas_buchhalter/app/controllers/application_controller.rb": [
        1,
        null,
        1,
        null,
        1,
        null,
        5,
        null,
        null,
        null,
        null,
        null,
        null,
        null,
        1,
        null,
        1,
        3,
        null,
        null
      ],
      "/Users/nicobuch/Projects/whitespectre/exercise_191023_nicolas_buchhalter/app/models/user.rb": [
        1,
        1,
        null,
        1,
        null,
        1,
        null
      ],
      "/Users/nicobuch/Projects/whitespectre/exercise_191023_nicolas_buchhalter/app/models/group_event.rb": [
        1,
        1,
        null,
        1,
        null,
        1,
        null,
        1,
        null,
        1,
        41,
        41,
        null,
        null,
        1,
        4,
        4,
        null,
        null,
        1,
        4,
        4,
        null,
        null,
        1,
        6,
        3,
        3,
        null,
        null,
        1,
        null,
        1,
        96,
        80,
        4,
        null,
        null,
        null,
        1,
        6,
        null,
        null,
        1,
        6,
        null,
        null
      ],
      "/Users/nicobuch/Projects/whitespectre/exercise_191023_nicolas_buchhalter/app/serializers/group_event_serializer.rb": [
        1,
        1,
        null,
        1,
        null
      ],
      "/Users/nicobuch/Projects/whitespectre/exercise_191023_nicolas_buchhalter/app/serializers/user_serializer.rb": [
        1,
        1,
        null
      ]
    },
    "timestamp": 1571916391
  }
}
